#
# A fatal error has been detected by the Java Runtime Environment:
#
#  EXCEPTION_ACCESS_VIOLATION (0xc0000005) at pc=0x0000000073ca8f45, pid=12348, tid=17556
#
# JRE version: Java(TM) SE Runtime Environment (8.0_91-b14) (build 1.8.0_91-b14)
# Java VM: Java HotSpot(TM) 64-Bit Server VM (25.91-b14 mixed mode windows-amd64 compressed oops)
# Problematic frame:
# V  [jvm.dll+0x128f45]
#
# Failed to write core dump. Minidumps are not enabled by default on client versions of Windows
#
# If you would like to submit a bug report, please visit:
#   http://bugreport.java.com/bugreport/crash.jsp
#

---------------  T H R E A D  ---------------

Current thread (0x000000001ec7b800):  JavaThread "JDWP Transport Listener: dt_socket" daemon [_thread_in_vm, id=17556, stack(0x000000001f770000,0x000000001f870000)]

siginfo: ExceptionCode=0xc0000005, reading address 0x0000000000000008

Registers:
RAX=0x000000001f86f301, RBX=0x000000001ec7b800, RCX=0x0000000000000008, RDX=0x0000000000000000
RSP=0x000000001f86f2d0, RBP=0x0000000000000008, RSI=0x000000001f86f3e8, RDI=0x0000000002f19df0
R8 =0x000000001ec7b800, R9 =0x0000000000008000, R10=0x0000000000000000, R11=0x000000001f86f571
R12=0x0000000000000000, R13=0x000000001ec70208, R14=0x0000000000000000, R15=0x0000000000000000
RIP=0x0000000073ca8f45, EFLAGS=0x0000000000010202

Top of Stack: (sp=0x000000001f86f2d0)
0x000000001f86f2d0:   000000001ec7b800 000000001ec7b800
0x000000001f86f2e0:   000000001f86f398 0000000073eaf32b
0x000000001f86f2f0:   000000001ec7b800 0000000073ecbb8d
0x000000001f86f300:   0000000000000000 0000000071aa9155
0x000000001f86f310:   000000001ec8c588 0000000071ab291e
0x000000001f86f320:   000000001ec7b800 0000000000000000
0x000000001f86f330:   0000000000000000 0000000000000000
0x000000001f86f340:   0000000000000008 0000000071ab1a15
0x000000001f86f350:   000000001f86f3e8 000000001f86f3c0
0x000000001f86f360:   0000000000000001 000000001ec8c588
0x000000001f86f370:   0000000000000008 0000000071a953b3
0x000000001f86f380:   000000001f86f4b0 0000000000000001
0x000000001f86f390:   0000000000000001 000000001ec8c588
0x000000001f86f3a0:   0000000000000009 0000000000000000
0x000000001f86f3b0:   0000000000000000 0000000000000000
0x000000001f86f3c0:   0000000000000001 0000000071a95571 

Instructions: (pc=0x0000000073ca8f45)
0x0000000073ca8f25:   cc cc cc cc cc cc cc cc cc cc cc 48 83 ec 28 48
0x0000000073ca8f35:   85 c9 75 07 33 c0 48 83 c4 28 c3 48 89 5c 24 20
0x0000000073ca8f45:   48 8b 19 48 85 db 74 20 48 83 fb 37 74 1a 48 8b
0x0000000073ca8f55:   13 48 8b cb ff 52 10 84 c0 74 0d 48 8b c3 48 8b 


Register to memory mapping:

RAX=0x000000001f86f301 is pointing into the stack for thread: 0x000000001ec7b800
RBX=0x000000001ec7b800 is a thread
RCX=0x0000000000000008 is an unknown value
RDX=0x0000000000000000 is an unknown value
RSP=0x000000001f86f2d0 is pointing into the stack for thread: 0x000000001ec7b800
RBP=0x0000000000000008 is an unknown value
RSI=0x000000001f86f3e8 is pointing into the stack for thread: 0x000000001ec7b800
RDI=0x0000000002f19df0 is an unknown value
R8 =0x000000001ec7b800 is a thread
R9 =0x0000000000008000 is an unknown value
R10=0x0000000000000000 is an unknown value
R11=0x000000001f86f571 is pointing into the stack for thread: 0x000000001ec7b800
R12=0x0000000000000000 is an unknown value
R13=0x000000001ec70208 is an unknown value
R14=0x0000000000000000 is an unknown value
R15=0x0000000000000000 is an unknown value


Stack: [0x000000001f770000,0x000000001f870000],  sp=0x000000001f86f2d0,  free space=1020k
Native frames: (J=compiled Java code, j=interpreted, Vv=VM code, C=native code)
V  [jvm.dll+0x128f45]
V  [jvm.dll+0x34bb8d]
C  [jdwp.dll+0x21a15]
C  [jdwp.dll+0x53b3]
C  [jdwp.dll+0x5571]
C  [jdwp.dll+0xf0a8]
C  [jdwp.dll+0x1f2d5]
C  [jdwp.dll+0x1f4aa]
V  [jvm.dll+0x1bbf38]
V  [jvm.dll+0x243ae4]
V  [jvm.dll+0x29a99a]
C  [msvcr100.dll+0x21d9f]
C  [msvcr100.dll+0x21e3b]
C  [KERNEL32.DLL+0x8364]
C  [ntdll.dll+0x670b1]


---------------  P R O C E S S  ---------------

Java Threads: ( => current thread )
  0x000000001ed2c000 JavaThread "Service Thread" daemon [_thread_blocked, id=16208, stack(0x000000001fe70000,0x000000001ff70000)]
  0x000000001eca0800 JavaThread "C1 CompilerThread3" daemon [_thread_blocked, id=6628, stack(0x000000001fd70000,0x000000001fe70000)]
  0x000000001ec9b800 JavaThread "C2 CompilerThread2" daemon [_thread_blocked, id=17396, stack(0x000000001fc70000,0x000000001fd70000)]
  0x000000001ec96800 JavaThread "C2 CompilerThread1" daemon [_thread_blocked, id=18852, stack(0x000000001fb70000,0x000000001fc70000)]
  0x000000001ec8d800 JavaThread "C2 CompilerThread0" daemon [_thread_blocked, id=17336, stack(0x000000001fa70000,0x000000001fb70000)]
  0x000000001ec7f800 JavaThread "JDWP Command Reader" daemon [_thread_in_native, id=7264, stack(0x000000001f970000,0x000000001fa70000)]
  0x000000001ec7e800 JavaThread "JDWP Event Helper Thread" daemon [_thread_blocked, id=16840, stack(0x000000001f870000,0x000000001f970000)]
=>0x000000001ec7b800 JavaThread "JDWP Transport Listener: dt_socket" daemon [_thread_in_vm, id=17556, stack(0x000000001f770000,0x000000001f870000)]
  0x000000001ec69800 JavaThread "Attach Listener" daemon [_thread_blocked, id=16704, stack(0x000000001f330000,0x000000001f430000)]
  0x000000001ec68800 JavaThread "Signal Dispatcher" daemon [_thread_blocked, id=10412, stack(0x000000001f230000,0x000000001f330000)]
  0x000000001ec60800 JavaThread "Finalizer" daemon [_thread_blocked, id=9996, stack(0x000000001f040000,0x000000001f140000)]
  0x0000000003299000 JavaThread "Reference Handler" daemon [_thread_blocked, id=12276, stack(0x000000001eb40000,0x000000001ec40000)]
  0x0000000002f1e000 JavaThread "main" [_thread_in_native, id=9836, stack(0x00000000030a0000,0x00000000031a0000)]

Other Threads:
  0x000000001cd37800 VMThread [stack: 0x000000001ea40000,0x000000001eb40000] [id=17780]
  0x000000001ed53000 WatcherThread [stack: 0x000000001ff70000,0x0000000020070000] [id=12912]

VM state:not at safepoint (normal execution)

VM Mutex/Monitor currently owned by a thread: None

Heap:
 PSYoungGen      total 76288K, used 3932K [0x000000076af80000, 0x0000000770480000, 0x00000007c0000000)
  eden space 65536K, 6% used [0x000000076af80000,0x000000076b3570e0,0x000000076ef80000)
  from space 10752K, 0% used [0x000000076fa00000,0x000000076fa00000,0x0000000770480000)
  to   space 10752K, 0% used [0x000000076ef80000,0x000000076ef80000,0x000000076fa00000)
 ParOldGen       total 175104K, used 0K [0x00000006c0e00000, 0x00000006cb900000, 0x000000076af80000)
  object space 175104K, 0% used [0x00000006c0e00000,0x00000006c0e00000,0x00000006cb900000)
 Metaspace       used 3384K, capacity 4566K, committed 4864K, reserved 1056768K
  class space    used 382K, capacity 390K, committed 512K, reserved 1048576K

Card table byte_map: [0x0000000012660000,0x0000000012e60000] byte_map_base: 0x000000000f059000

Marking Bits: (ParMarkBitMap*) 0x0000000074392f70
 Begin Bits: [0x0000000013bc0000, 0x0000000017b88000)
 End Bits:   [0x0000000017b88000, 0x000000001bb50000)

Polling page: 0x0000000002f00000

CodeCache: size=245760Kb used=1162Kb max_used=1162Kb free=244597Kb
 bounds [0x00000000032a0000, 0x0000000003510000, 0x00000000122a0000]
 total_blobs=285 nmethods=52 adapters=154
 compilation: enabled

Compilation events (10 events):
Event: 0.141 Thread 0x000000001eca0800   47       3       java.util.HashMap::afterNodeInsertion (1 bytes)
Event: 0.141 Thread 0x000000001eca0800 nmethod 47 0x00000000033c0890 code [0x00000000033c09e0, 0x00000000033c0b30]
Event: 0.141 Thread 0x000000001eca0800   48       3       java.lang.String::substring (79 bytes)
Event: 0.141 Thread 0x000000001eca0800 nmethod 48 0x00000000033c0b90 code [0x00000000033c0d60, 0x00000000033c1258]
Event: 0.141 Thread 0x000000001eca0800   50       1       java.util.ArrayList::size (5 bytes)
Event: 0.142 Thread 0x000000001eca0800 nmethod 50 0x00000000033c1510 code [0x00000000033c1660, 0x00000000033c1770]
Event: 17.602 Thread 0x000000001eca0800   51       1       java.nio.Buffer::position (5 bytes)
Event: 17.602 Thread 0x000000001eca0800 nmethod 51 0x00000000033c2450 code [0x00000000033c25a0, 0x00000000033c26b0]
Event: 21.354 Thread 0x000000001eca0800   52       1       java.nio.Buffer::limit (5 bytes)
Event: 21.355 Thread 0x000000001eca0800 nmethod 52 0x00000000033c2710 code [0x00000000033c2860, 0x00000000033c2970]

GC Heap History (0 events):
No events

Deoptimization events (0 events):
No events

Internal exceptions (6 events):
Event: 0.027 Thread 0x0000000002f1e000 Exception <a 'java/lang/NoSuchMethodError': Method sun.misc.Unsafe.defineClass(Ljava/lang/String;[BII)Ljava/lang/Class; name or signature does not match> (0x000000076af87cc0) thrown at [C:\re\workspace\8-2-build-windows-amd64-cygwin\jdk8u91\6644\hotspot\sr³¸
Event: 0.027 Thread 0x0000000002f1e000 Exception <a 'java/lang/NoSuchMethodError': Method sun.misc.Unsafe.prefetchRead(Ljava/lang/Object;J)V name or signature does not match> (0x000000076af87fa8) thrown at [C:\re\workspace\8-2-build-windows-amd64-cygwin\jdk8u91\6644\hotspot\src\share\vm\prims\jœˆÜ–MCÁ?
Event: 0.135 Thread 0x0000000002f1e000 Exception <a 'java/security/PrivilegedActionException'> (0x000000076b016220) thrown at [C:\re\workspace\8-2-build-windows-amd64-cygwin\jdk8u91\6644\hotspot\src\share\vm\prims\jvm.cpp, line 1386]
Event: 0.135 Thread 0x0000000002f1e000 Exception <a 'java/security/PrivilegedActionException'> (0x000000076b016618) thrown at [C:\re\workspace\8-2-build-windows-amd64-cygwin\jdk8u91\6644\hotspot\src\share\vm\prims\jvm.cpp, line 1386]
Event: 0.135 Thread 0x0000000002f1e000 Exception <a 'java/security/PrivilegedActionException'> (0x000000076b01a110) thrown at [C:\re\workspace\8-2-build-windows-amd64-cygwin\jdk8u91\6644\hotspot\src\share\vm\prims\jvm.cpp, line 1386]
Event: 0.135 Thread 0x0000000002f1e000 Exception <a 'java/security/PrivilegedActionException'> (0x000000076b01a508) thrown at [C:\re\workspace\8-2-build-windows-amd64-cygwin\jdk8u91\6644\hotspot\src\share\vm\prims\jvm.cpp, line 1386]

Events (10 events):
Event: 838.055 Executing VM operation: ChangeBreakpoints
Event: 838.055 Executing VM operation: ChangeBreakpoints done
Event: 838.056 Executing VM operation: ChangeBreakpoints
Event: 838.056 Executing VM operation: ChangeBreakpoints done
Event: 838.058 Executing VM operation: ChangeBreakpoints
Event: 838.058 Executing VM operation: ChangeBreakpoints done
Event: 838.058 Executing VM operation: ChangeBreakpoints
Event: 838.058 Executing VM operation: ChangeBreakpoints done
Event: 854.099 Executing VM operation: RedefineClasses
Event: 854.100 Executing VM operation: RedefineClasses done


Dynamic libraries:
0x00007ff6aff40000 - 0x00007ff6aff77000 	C:\Work\Eclipse\Planon5Eclipse.4.6.1_neon1a_V1.0\eclipse\jre\bin\javaw.exe
0x00007fff15de0000 - 0x00007fff15fb2000 	C:\WINDOWS\SYSTEM32\ntdll.dll
0x00007fff15d30000 - 0x00007fff15ddc000 	C:\WINDOWS\System32\KERNEL32.DLL
0x00007fff13150000 - 0x00007fff1336d000 	C:\WINDOWS\System32\KERNELBASE.dll
0x00007fff15950000 - 0x00007fff159f2000 	C:\WINDOWS\System32\ADVAPI32.dll
0x00007fff15220000 - 0x00007fff152be000 	C:\WINDOWS\System32\msvcrt.dll
0x00007fff13640000 - 0x00007fff13699000 	C:\WINDOWS\System32\sechost.dll
0x00007fff150f0000 - 0x00007fff15211000 	C:\WINDOWS\System32\RPCRT4.dll
0x00007fff15b00000 - 0x00007fff15c65000 	C:\WINDOWS\System32\USER32.dll
0x00007fff129c0000 - 0x00007fff129de000 	C:\WINDOWS\System32\win32u.dll
0x00007fff15360000 - 0x00007fff15394000 	C:\WINDOWS\System32\GDI32.dll
0x00007fff12a40000 - 0x00007fff12bc0000 	C:\WINDOWS\System32\gdi32full.dll
0x00007fff08070000 - 0x00007fff082ea000 	C:\WINDOWS\WinSxS\amd64_microsoft.windows.common-controls_6595b64144ccf1df_6.0.14393.2248_none_7ddece3683436ba6\COMCTL32.dll
0x00007fff13370000 - 0x00007fff13638000 	C:\WINDOWS\System32\combase.dll
0x00007fff12bc0000 - 0x00007fff12cb5000 	C:\WINDOWS\System32\ucrtbase.dll
0x00007fff12e90000 - 0x00007fff12efa000 	C:\WINDOWS\System32\bcryptPrimitives.dll
0x00007fff15330000 - 0x00007fff1535e000 	C:\WINDOWS\System32\IMM32.DLL
0x0000000074ab0000 - 0x0000000074ae9000 	C:\PROGRA~2\Sophos\SOPHOS~1\SOPHOS~2.DLL
0x00007fff15520000 - 0x00007fff15528000 	C:\WINDOWS\System32\PSAPI.DLL
0x00000000715f0000 - 0x00000000716c2000 	C:\Work\Eclipse\Planon5Eclipse.4.6.1_neon1a_V1.0\eclipse\jre\bin\msvcr100.dll
0x0000000073b80000 - 0x0000000074413000 	C:\Work\Eclipse\Planon5Eclipse.4.6.1_neon1a_V1.0\eclipse\jre\bin\server\jvm.dll
0x00007fff0ad00000 - 0x00007fff0ad09000 	C:\WINDOWS\SYSTEM32\WSOCK32.dll
0x00007fff105b0000 - 0x00007fff105d3000 	C:\WINDOWS\SYSTEM32\WINMM.dll
0x00007fff0e320000 - 0x00007fff0e32a000 	C:\WINDOWS\SYSTEM32\VERSION.dll
0x00007fff152c0000 - 0x00007fff1532a000 	C:\WINDOWS\System32\WS2_32.dll
0x0000000002f70000 - 0x0000000002f9b000 	C:\WINDOWS\SYSTEM32\WINMMBASE.dll
0x00007fff13050000 - 0x00007fff13092000 	C:\WINDOWS\System32\cfgmgr32.dll
0x0000000073b70000 - 0x0000000073b7f000 	C:\Work\Eclipse\Planon5Eclipse.4.6.1_neon1a_V1.0\eclipse\jre\bin\verify.dll
0x0000000073b40000 - 0x0000000073b69000 	C:\Work\Eclipse\Planon5Eclipse.4.6.1_neon1a_V1.0\eclipse\jre\bin\java.dll
0x0000000071a90000 - 0x0000000071ac5000 	C:\Work\Eclipse\Planon5Eclipse.4.6.1_neon1a_V1.0\eclipse\jre\bin\jdwp.dll
0x0000000071a80000 - 0x0000000071a88000 	C:\Work\Eclipse\Planon5Eclipse.4.6.1_neon1a_V1.0\eclipse\jre\bin\npt.dll
0x0000000073b20000 - 0x0000000073b36000 	C:\Work\Eclipse\Planon5Eclipse.4.6.1_neon1a_V1.0\eclipse\jre\bin\zip.dll
0x00007fff13be0000 - 0x00007fff150e9000 	C:\WINDOWS\System32\SHELL32.dll
0x00007fff122e0000 - 0x00007fff129b9000 	C:\WINDOWS\System32\windows.storage.dll
0x00007fff12290000 - 0x00007fff122dc000 	C:\WINDOWS\System32\powrprof.dll
0x00007fff15530000 - 0x00007fff15582000 	C:\WINDOWS\System32\shlwapi.dll
0x00007fff12270000 - 0x00007fff1227f000 	C:\WINDOWS\System32\kernel.appcore.dll
0x00007fff130a0000 - 0x00007fff13149000 	C:\WINDOWS\System32\shcore.dll
0x00007fff12250000 - 0x00007fff12264000 	C:\WINDOWS\System32\profapi.dll
0x0000000071a70000 - 0x0000000071a79000 	C:\Work\Eclipse\Planon5Eclipse.4.6.1_neon1a_V1.0\eclipse\jre\bin\dt_socket.dll
0x00007fff0bcb0000 - 0x00007fff0bcc6000 	C:\WINDOWS\system32\napinsp.dll
0x00007fff0bcd0000 - 0x00007fff0bcea000 	C:\WINDOWS\system32\pnrpnsp.dll
0x00007fff0f730000 - 0x00007fff0f748000 	C:\WINDOWS\system32\NLAapi.dll
0x00007fff11b80000 - 0x00007fff11bdc000 	C:\WINDOWS\System32\mswsock.dll
0x00007fff11940000 - 0x00007fff119e1000 	C:\WINDOWS\SYSTEM32\DNSAPI.dll
0x00007fff15590000 - 0x00007fff15598000 	C:\WINDOWS\System32\NSI.dll
0x00007fff11900000 - 0x00007fff11938000 	C:\WINDOWS\SYSTEM32\IPHLPAPI.DLL
0x00007fff0bcf0000 - 0x00007fff0bcfe000 	C:\WINDOWS\System32\winrnr.dll
0x00007fff0ee60000 - 0x00007fff0eeca000 	C:\WINDOWS\System32\fwpuclnt.dll
0x00007fff11e30000 - 0x00007fff11e5b000 	C:\WINDOWS\SYSTEM32\bcrypt.dll
0x00007fff0d4d0000 - 0x00007fff0d4da000 	C:\Windows\System32\rasadhlp.dll
0x00007fff05510000 - 0x00007fff056a2000 	C:\WINDOWS\SYSTEM32\dbghelp.dll

VM Arguments:
jvm_args: -agentlib:jdwp=transport=dt_socket,suspend=y,address=localhost:53449 -Dfile.encoding=Cp1252 
java_command: Calculation.Maintainence
java_class_path (initial): C:\Work\sample\Appartment\bin
Launcher Type: SUN_STANDARD

Environment Variables:
PATH=C:\Work\Eclipse\Planon5Eclipse.4.6.1_neon1a_V1.0\eclipse\jre\bin;C:/Work/Eclipse/Planon5Eclipse.4.6.1_neon1a_V1.0/eclipse/jre/bin/server;C:/Work/Eclipse/Planon5Eclipse.4.6.1_neon1a_V1.0/eclipse/jre/bin;C:/Work/Eclipse/Planon5Eclipse.4.6.1_neon1a_V1.0/eclipse/jre/lib/amd64;C:\WINDOWS\system32;C:\WINDOWS;C:\WINDOWS\System32\Wbem;C:\WINDOWS\System32\WindowsPowerShell\v1.0\;C:\Program Files\Microsoft SQL Server\Client SDK\ODBC\110\Tools\Binn\;C:\Program Files (x86)\Microsoft SQL Server\120\Tools\Binn\;C:\Program Files\Microsoft SQL Server\120\Tools\Binn\;C:\Program Files\Microsoft SQL Server\120\DTS\Binn\;C:\Program Files (x86)\Microsoft SQL Server\120\Tools\Binn\ManagementStudio\;C:\Program Files (x86)\Microsoft SQL Server\120\DTS\Binn\;C:\Program Files (x86)\Skype\Phone\;C:\Program Files (x86)\Windows Kits\8.1\Windows Performance Toolkit\;C:\Program Files\Microsoft SQL Server\110\Tools\Binn\;C:\Users\raasan\AppData\Local\Microsoft\WindowsApps;C:\Users\raasan\AppData\Local\Programs\Git\cmd;C:\Program Files (x86)\CVSNT\;C:\Work\Eclipse\Planon5Eclipse.4.6.1_neon1a_V1.0\eclipse;
USERNAME=raasan
OS=Windows_NT
PROCESSOR_IDENTIFIER=Intel64 Family 6 Model 60 Stepping 3, GenuineIntel



---------------  S Y S T E M  ---------------

OS: Windows 10.0 , 64 bit Build 14393 (10.0.14393.2214)

CPU:total 8 (4 cores per cpu, 2 threads per core) family 6 model 60 stepping 3, cmov, cx8, fxsr, mmx, sse, sse2, sse3, ssse3, sse4.1, sse4.2, popcnt, avx, avx2, aes, clmul, erms, lzcnt, ht, tsc, tscinvbit, bmi1, bmi2

Memory: 4k page, physical 16718004k(6277672k free), swap 20279052k(3317408k free)

vm_info: Java HotSpot(TM) 64-Bit Server VM (25.91-b14) for windows-amd64 JRE (1.8.0_91-b14), built on Apr  1 2016 00:58:32 by "java_re" with MS VC++ 10.0 (VS2010)

time: Fri Jun 22 10:07:23 2018
elapsed time: 854 seconds (0d 0h 14m 14s)

